<?xml version="1.0" encoding="UTF-8"?>
<testsuite xmlns:xsi="http://www.w3.org/2001/XMLSchema-instance" xsi:noNamespaceSchemaLocation="https://maven.apache.org/surefire/maven-surefire-plugin/xsd/surefire-test-report-3.0.xsd" version="3.0" name="AppointmentServiceTest" time="0.063" tests="2" errors="0" skipped="0" failures="0">
  <properties>
    <property name="java.specification.version" value="20"/>
    <property name="sun.cpu.isalist" value="amd64"/>
    <property name="sun.jnu.encoding" value="Cp1252"/>
    <property name="java.class.path" value="c:\Users\Michael Ladderbush\Desktop\CS320\contacts\target\test-classes;c:\Users\Michael Ladderbush\Desktop\CS320\contacts\target\classes;C:\Users\Michael Ladderbush\.m2\repository\junit\junit\4.13.2\junit-4.13.2.jar;C:\Users\Michael Ladderbush\.m2\repository\org\hamcrest\hamcrest-core\1.3\hamcrest-core-1.3.jar;"/>
    <property name="java.vm.vendor" value="Oracle Corporation"/>
    <property name="sun.arch.data.model" value="64"/>
    <property name="user.variant" value=""/>
    <property name="java.vendor.url" value="https://java.oracle.com/"/>
    <property name="user.timezone" value="America/New_York"/>
    <property name="os.name" value="Windows 10"/>
    <property name="java.vm.specification.version" value="20"/>
    <property name="sun.java.launcher" value="SUN_STANDARD"/>
    <property name="user.country" value="US"/>
    <property name="sun.boot.library.path" value="C:\Program Files\Java\jdk-20\bin"/>
    <property name="sun.java.command" value="C:\Users\Michael Ladderbush\AppData\Local\Temp\surefire9903648866472644276\surefirebooter-20231120173453350_3.jar C:\Users\Michael Ladderbush\AppData\Local\Temp\surefire9903648866472644276 2023-11-20T17-34-53_217-jvmRun1 surefire-20231120173453350_1tmp surefire_0-20231120173453350_2tmp"/>
    <property name="jdk.debug" value="release"/>
    <property name="surefire.test.class.path" value="c:\Users\Michael Ladderbush\Desktop\CS320\contacts\target\test-classes;c:\Users\Michael Ladderbush\Desktop\CS320\contacts\target\classes;C:\Users\Michael Ladderbush\.m2\repository\junit\junit\4.13.2\junit-4.13.2.jar;C:\Users\Michael Ladderbush\.m2\repository\org\hamcrest\hamcrest-core\1.3\hamcrest-core-1.3.jar;"/>
    <property name="sun.cpu.endian" value="little"/>
    <property name="user.home" value="C:\Users\Michael Ladderbush"/>
    <property name="user.language" value="en"/>
    <property name="java.specification.vendor" value="Oracle Corporation"/>
    <property name="java.version.date" value="2023-04-18"/>
    <property name="java.home" value="C:\Program Files\Java\jdk-20"/>
    <property name="file.separator" value="\"/>
    <property name="basedir" value="c:\Users\Michael Ladderbush\Desktop\CS320\contacts"/>
    <property name="java.vm.compressedOopsMode" value="Zero based"/>
    <property name="line.separator" value="&#10;"/>
    <property name="java.vm.specification.vendor" value="Oracle Corporation"/>
    <property name="java.specification.name" value="Java Platform API Specification"/>
    <property name="surefire.real.class.path" value="C:\Users\Michael Ladderbush\AppData\Local\Temp\surefire9903648866472644276\surefirebooter-20231120173453350_3.jar"/>
    <property name="user.script" value=""/>
    <property name="sun.management.compiler" value="HotSpot 64-Bit Tiered Compilers"/>
    <property name="java.runtime.version" value="20.0.1+9-29"/>
    <property name="user.name" value="Michael Ladderbush"/>
    <property name="stdout.encoding" value="Cp1252"/>
    <property name="path.separator" value=";"/>
    <property name="os.version" value="10.0"/>
    <property name="java.runtime.name" value="Java(TM) SE Runtime Environment"/>
    <property name="file.encoding" value="UTF-8"/>
    <property name="java.vm.name" value="Java HotSpot(TM) 64-Bit Server VM"/>
    <property name="localRepository" value="C:\Users\Michael Ladderbush\.m2\repository"/>
    <property name="java.vendor.url.bug" value="https://bugreport.java.com/bugreport/"/>
    <property name="java.io.tmpdir" value="C:\Users\MICHAE~1\AppData\Local\Temp\"/>
    <property name="java.version" value="20.0.1"/>
    <property name="user.dir" value="c:\Users\Michael Ladderbush\Desktop\CS320\contacts"/>
    <property name="os.arch" value="amd64"/>
    <property name="java.vm.specification.name" value="Java Virtual Machine Specification"/>
    <property name="sun.os.patch.level" value=""/>
    <property name="native.encoding" value="Cp1252"/>
    <property name="java.library.path" value="C:\Program Files\Java\jdk-20\bin;C:\Windows\Sun\Java\bin;C:\Windows\system32;C:\Windows;C:\Program Files (x86)\Common Files\Oracle\Java\javapath;C:\Python311\Scripts\;C:\Python311\;C:\msys64\mingw64\bin;C:\gtk-build\build\x64\release;C:\Windows\SysWOW64\WindowsPowerShell\v1.0;C:\Program Files\Java\jdk-20;c:\windows\system32;C:\Users\Michael Ladderbush\.cargo;C:\Program Files\NVIDIA Corporation\NVIDIA NvDLISR;C:\Program Files\dotnet\;C:\Users\Michael Ladderbush\Downloads\Apps\JavaTools\apache-maven-3.9.1-bin\apache-maven-3.9.1\bin;C:\ProgramData\chocolatey\bin;C:\Program Files\nodejs\;C:\Program Files\Git\cmd\;C:\Users\Michael Ladderbush\.cargo\bin;C:\Users\Michael Ladderbush\AppData\Local\Programs\Microsoft VS Code\bin;C:\Users\Michael Ladderbush\Downloads\Apps\JavaTools\apache-maven-3.9.1-bin\apache-maven-3.9.1\bin\bin;C:\Program Files\Java\jdk-20;C:\Users\Michael Ladderbush\AppData\Roaming\npm;C:\Program Files\Git\cmd;C:\msys64\mingw64\bin;C:\tools\msys64;c:\users\michael ladderbush\.local\bin;c:\users\michael ladderbush\appdata\roaming\python\python311\scripts;C:\gtk-build\build\x64\release;C:\Windows\SysWOW64\WindowsPowerShell\v1.0;C:\Python311;;."/>
    <property name="java.vm.info" value="mixed mode, sharing"/>
    <property name="stderr.encoding" value="Cp1252"/>
    <property name="java.vendor" value="Oracle Corporation"/>
    <property name="java.vm.version" value="20.0.1+9-29"/>
    <property name="sun.io.unicode.encoding" value="UnicodeLittle"/>
    <property name="java.class.version" value="64.0"/>
  </properties>
  <testcase name="testAddAppointment" classname="AppointmentServiceTest" time="0.005"/>
  <testcase name="testDeleteAppointment" classname="AppointmentServiceTest" time="0"/>
</testsuite>